TN:
SF:C:\Users\snkn\Downloads\skeleton-navigation-master-20170503\skeleton-esnext-webpack\src\app.js
FN:4,(anonymous_0)
FNF:1
FNH:1
FNDA:5,(anonymous_0)
DA:5,5
DA:6,5
DA:12,5
LF:3
LH:3
BRF:0
BRH:0
end_of_record
TN:
SF:C:\Users\snkn\Downloads\skeleton-navigation-master-20170503\skeleton-esnext-webpack\src\child-router.js
FN:6,(anonymous_0)
FNF:1
FNH:1
FNDA:5,(anonymous_0)
DA:7,5
DA:13,5
LF:2
LH:2
BRF:0
BRH:0
end_of_record
TN:
SF:C:\Users\snkn\Downloads\skeleton-navigation-master-20170503\skeleton-esnext-webpack\src\users.js
FN:12,(anonymous_0)
FN:16,(anonymous_1)
FN:21,(anonymous_2)
FNF:3
FNH:2
FNDA:1,(anonymous_0)
FNDA:1,(anonymous_1)
FNDA:0,(anonymous_2)
DA:5,1
DA:13,1
DA:18,1
DA:19,1
DA:21,1
DA:22,0
DA:27,1
DA:28,1
LF:8
LH:7
BRDA:5,0,0,0
BRDA:5,0,1,1
BRF:2
BRH:1
end_of_record
TN:
SF:C:\Users\snkn\Downloads\skeleton-navigation-master-20170503\skeleton-esnext-webpack\src\welcome.js
FN:14,(anonymous_0)
FN:18,(anonymous_1)
FN:24,(anonymous_2)
FN:33,(anonymous_3)
FNF:4
FNH:2
FNDA:3,(anonymous_0)
FNDA:0,(anonymous_1)
FNDA:0,(anonymous_2)
FNDA:1,(anonymous_3)
DA:15,3
DA:19,0
DA:21,0
DA:25,0
DA:27,0
DA:34,1
LF:6
LH:2
BRDA:25,0,0,0
BRDA:25,0,1,0
BRDA:34,1,0,1
BRDA:34,1,1,1
BRF:4
BRH:2
end_of_record
